INFO: Running with entropic power schedule (0xFF, 100).
INFO: Seed: 277907254
INFO: Loaded 1 modules   (1 inline 8-bit counters): 1 [0x5571099c9fd0, 0x5571099c9fd1), 
INFO: Loaded 1 PC tables (1 PCs): 1 [0x5571099c9fd8,0x5571099c9fe8), 
MERGE-OUTER: 70 files, 0 in the initial corpus, 0 processed earlier
MERGE-OUTER: attempt 1
INFO: Running with entropic power schedule (0xFF, 100).
INFO: Seed: 277914405
INFO: Loaded 1 modules   (1 inline 8-bit counters): 1 [0x5578115ccfd0, 0x5578115ccfd1), 
INFO: Loaded 1 PC tables (1 PCs): 1 [0x5578115ccfd8,0x5578115ccfe8), 
INFO: -max_len is not provided; libFuzzer will not generate inputs larger than 1048576 bytes
MERGE-INNER: using the control file '/tmp/libFuzzerTemp.Merge74.txt'
MERGE-INNER: 70 total files; 0 processed earlier; will process 70 files now
#1	pulse  cov: 1 ft: 1 exec/s: 0 rss: 28Mb
#2	pulse  cov: 1 ft: 1 exec/s: 0 rss: 28Mb
#4	pulse  cov: 1 ft: 1 exec/s: 0 rss: 28Mb
#8	pulse  cov: 1 ft: 1 exec/s: 0 rss: 28Mb
#16	pulse  cov: 1 ft: 1 exec/s: 0 rss: 28Mb
#32	pulse  cov: 1 ft: 1 exec/s: 0 rss: 28Mb
#64	pulse  cov: 1 ft: 1 exec/s: 0 rss: 28Mb
#70	DONE   cov: 1 ft: 1 exec/s: 0 rss: 28Mb
MERGE-OUTER: successful in 1 attempt(s)
MERGE-OUTER: the control file has 8071 bytes
MERGE-OUTER: consumed 0Mb (28Mb rss) to parse the control file
MERGE-OUTER: 1 new files with 1 new features added; 1 new coverage edges
